<?xml version="1.0" encoding="UTF-8"?>
<!-- Generated by org.testng.reporters.JUnitReportReporter -->
<testsuite hostname="DESKTOP-6KLV0L6" failures="0" tests="1" name="com.truboardpartners.tests.DeveloperNOCRequest_Test" time="40.563" errors="0" timestamp="2023-11-16T10:56:16 IST" skipped="0">
  <testcase classname="com.truboardpartners.tests.DeveloperNOCRequest_Test" name="raiseNOCRequest" time="40.563"/>
  <system-out/>
</testsuite> <!-- com.truboardpartners.tests.DeveloperNOCRequest_Test -->
