<?xml version="1.0" encoding="UTF-8"?>
<!-- Generated by org.testng.reporters.JUnitReportReporter -->
<testsuite hostname="DESKTOP-6KLV0L6" failures="0" tests="1" name="com.truboardpartners.tests.SmokePMC_ProjectSetup_Test" time="173.711" errors="0" timestamp="2023-11-10T15:48:51 IST" skipped="0">
  <testcase classname="com.truboardpartners.tests.SmokePMC_ProjectSetup_Test" name="workFlow_PMC" time="173.711"/>
  <system-out/>
</testsuite> <!-- com.truboardpartners.tests.SmokePMC_ProjectSetup_Test -->
