<?xml version="1.0" encoding="UTF-8"?>
<!-- Generated by org.testng.reporters.JUnitReportReporter -->
<testsuite hostname="DESKTOP-6KLV0L6" failures="0" tests="1" name="com.truboardpartners.testClasses.AAH" time="63.061" errors="0" timestamp="2023-11-23T14:49:12 IST" skipped="0">
  <testcase classname="com.truboardpartners.testClasses.AAH" name="holdDT_RFA" time="63.061"/>
  <system-out/>
</testsuite> <!-- com.truboardpartners.testClasses.AAH -->
