<?xml version="1.0" encoding="UTF-8"?>
<!-- Generated by org.testng.reporters.JUnitReportReporter -->
<testsuite hostname="DESKTOP-U691P5C" failures="0" tests="4" name="com.truboardpartners.testClasses.RAR_Test" time="352.399" errors="0" timestamp="2023-12-07T15:09:42 IST" skipped="0">
  <testcase classname="com.truboardpartners.testClasses.RAR_Test" name="raiseNOCRequest" time="142.994"/>
  <system-out/>
  <testcase classname="com.truboardpartners.testClasses.RAR_Test" name="pmcRejectRequst" time="64.603"/>
  <system-out/>
  <testcase classname="com.truboardpartners.testClasses.RAR_Test" name="approveInvester_RFA" time="81.551"/>
  <system-out/>
  <testcase classname="com.truboardpartners.testClasses.RAR_Test" name="rejectDT_RFA" time="63.251"/>
  <system-out/>
</testsuite> <!-- com.truboardpartners.testClasses.RAR_Test -->
