<?xml version="1.0" encoding="UTF-8"?>
<!-- Generated by org.testng.reporters.JUnitReportReporter -->
<testsuite hostname="DESKTOP-6KLV0L6" failures="0" tests="3" name="com.truboardpartners.tests.RejectedNOC_Test3" time="234.618" errors="0" timestamp="2023-11-16T17:55:00 IST" skipped="0">
  <testcase classname="com.truboardpartners.tests.RejectedNOC_Test3" name="raiseNOCRequest" time="136.369"/>
  <system-out/>
  <testcase classname="com.truboardpartners.tests.RejectedNOC_Test3" name="pmcRejectRequst" time="48.753"/>
  <system-out/>
  <testcase classname="com.truboardpartners.tests.RejectedNOC_Test3" name="InvesterRejectRequst" time="49.496"/>
  <system-out/>
</testsuite> <!-- com.truboardpartners.tests.RejectedNOC_Test3 -->
