<?xml version="1.0" encoding="UTF-8"?>
<!-- Generated by org.testng.reporters.JUnitReportReporter -->
<testsuite hostname="DESKTOP-U691P5C" failures="0" tests="4" name="com.truboardpartners.testClasses.AAH_Test" time="389.471" errors="0" timestamp="2024-01-03T16:24:11 IST" skipped="0">
  <testcase classname="com.truboardpartners.testClasses.AAH_Test" name="raiseNOCRequest" time="157.622"/>
  <system-out/>
  <testcase classname="com.truboardpartners.testClasses.AAH_Test" name="approvePMC_RFA" time="64.068"/>
  <system-out/>
  <testcase classname="com.truboardpartners.testClasses.AAH_Test" name="approveInvester_RFA" time="89.618"/>
  <system-out/>
  <testcase classname="com.truboardpartners.testClasses.AAH_Test" name="holdDT_RFA" time="78.163"/>
  <system-out/>
</testsuite> <!-- com.truboardpartners.testClasses.AAH_Test -->
