<?xml version="1.0" encoding="UTF-8"?>
<!-- Generated by org.testng.reporters.JUnitReportReporter -->
<testsuite hostname="DESKTOP-U691P5C" failures="0" tests="4" name="com.truboardpartners.testClasses.RR_Test" time="334.061" errors="0" timestamp="2023-12-07T15:37:12 IST" skipped="0">
  <testcase classname="com.truboardpartners.testClasses.RR_Test" name="raiseNOCRequest" time="142.822"/>
  <system-out/>
  <testcase classname="com.truboardpartners.testClasses.RR_Test" name="pmcRejectRequst" time="65.700"/>
  <system-out/>
  <testcase classname="com.truboardpartners.testClasses.RR_Test" name="InvesterRejectRequst" time="59.261"/>
  <system-out/>
  <testcase classname="com.truboardpartners.testClasses.RR_Test" name="validationOnRejectedNOC" time="66.278"/>
  <system-out/>
</testsuite> <!-- com.truboardpartners.testClasses.RR_Test -->
