<?xml version="1.0" encoding="UTF-8"?>
<!-- Generated by org.testng.reporters.JUnitReportReporter -->
<testsuite hostname="DESKTOP-6KLV0L6" failures="0" tests="5" name="com.truboardpartners.testClasses.HAA_Test" time="452.471" errors="0" timestamp="2023-12-07T11:41:14 IST" skipped="0">
  <testcase classname="com.truboardpartners.testClasses.HAA_Test" name="raiseNOCRequest" time="144.706"/>
  <system-out/>
  <testcase classname="com.truboardpartners.testClasses.HAA_Test" name="holdPMC_RFA" time="66.107"/>
  <system-out/>
  <testcase classname="com.truboardpartners.testClasses.HAA_Test" name="approveInvester_RFA" time="84.513"/>
  <system-out/>
  <testcase classname="com.truboardpartners.testClasses.HAA_Test" name="approveDT_RFA" time="85.075"/>
  <system-out/>
  <testcase classname="com.truboardpartners.testClasses.HAA_Test" name="validationOnApprovedNOC" time="72.070"/>
  <system-out/>
</testsuite> <!-- com.truboardpartners.testClasses.HAA_Test -->
