<?xml version="1.0" encoding="UTF-8"?>
<!-- Generated by org.testng.reporters.JUnitReportReporter -->
<testsuite hostname="DESKTOP-TE75036" failures="0" tests="1" name="com.truboardpartners.tests.SmokeInvestorTest" time="105.041" errors="0" timestamp="2023-09-21T15:52:09 IST" skipped="0">
  <testcase classname="com.truboardpartners.tests.SmokeInvestorTest" name="TestCase_Investor" time="105.041"/>
  <system-out/>
</testsuite> <!-- com.truboardpartners.tests.SmokeInvestorTest -->
