<?xml version="1.0" encoding="UTF-8"?>
<!-- Generated by org.testng.reporters.JUnitReportReporter -->
<testsuite hostname="DESKTOP-U691P5C" failures="0" tests="1" name="com.truboardpartners.testClasses.RH_Test" time="69.170" errors="0" timestamp="2023-12-07T15:29:17 IST" skipped="0">
  <testcase classname="com.truboardpartners.testClasses.RH_Test" name="holdInvester_RFA" time="69.170"/>
  <system-out/>
</testsuite> <!-- com.truboardpartners.testClasses.RH_Test -->
