<?xml version="1.0" encoding="UTF-8"?>
<!-- Generated by org.testng.reporters.JUnitReportReporter -->
<testsuite hostname="DESKTOP-6KLV0L6" failures="0" tests="1" name="com.truboardpartners.testClasses.CancelNOC_Test2" time="70.885" errors="0" timestamp="2023-11-22T20:43:40 IST" skipped="0">
  <testcase classname="com.truboardpartners.testClasses.CancelNOC_Test2" name="validationOnCancelledNOC" time="70.885"/>
  <system-out/>
</testsuite> <!-- com.truboardpartners.testClasses.CancelNOC_Test2 -->
