<?xml version="1.0" encoding="UTF-8"?>
<!-- Generated by org.testng.reporters.JUnitReportReporter -->
<testsuite hostname="DESKTOP-6KLV0L6" failures="0" tests="4" name="com.truboardpartners.testClasses.CCR_Test" time="239.895" errors="0" timestamp="2023-12-06T17:04:12 IST" skipped="0">
  <testcase classname="com.truboardpartners.testClasses.CCR_Test" name="cancelNOCByDeveloper" time="67.189"/>
  <system-out/>
  <testcase classname="com.truboardpartners.testClasses.CCR_Test" name="cancelNocByPMC" time="56.135"/>
  <system-out/>
  <testcase classname="com.truboardpartners.testClasses.CCR_Test" name="cancelNocByInvester" time="53.185"/>
  <system-out/>
  <testcase classname="com.truboardpartners.testClasses.CCR_Test" name="rejectDT_RFA" time="63.386"/>
  <system-out/>
</testsuite> <!-- com.truboardpartners.testClasses.CCR_Test -->
