<?xml version="1.0" encoding="UTF-8"?>
<!-- Generated by org.testng.reporters.JUnitReportReporter -->
<testsuite hostname="DESKTOP-6KLV0L6" failures="0" tests="1" name="com.truboardpartners.testClasses.HH_Test" time="69.461" errors="0" timestamp="2023-12-06T17:44:02 IST" skipped="0">
  <testcase classname="com.truboardpartners.testClasses.HH_Test" name="holdInvester_RFA" time="69.461"/>
  <system-out/>
</testsuite> <!-- com.truboardpartners.testClasses.HH_Test -->
