<?xml version="1.0" encoding="UTF-8"?>
<!-- Generated by org.testng.reporters.JUnitReportReporter -->
<testsuite hostname="DESKTOP-6KLV0L6" failures="0" tests="1" name="com.truboardpartners.testClasses.RejectedNOC_Test3" time="69.060" errors="0" timestamp="2023-11-23T11:26:07 IST" skipped="0">
  <testcase classname="com.truboardpartners.testClasses.RejectedNOC_Test3" name="validationOnRejectedNOC" time="69.060"/>
  <system-out/>
</testsuite> <!-- com.truboardpartners.testClasses.RejectedNOC_Test3 -->
