<?xml version="1.0" encoding="UTF-8"?>
<!-- Generated by org.testng.reporters.JUnitReportReporter -->
<testsuite hostname="DESKTOP-6KLV0L6" failures="0" tests="1" name="com.truboardpartners.testClasses.HoldNOC_Test4" time="67.771" errors="0" timestamp="2023-11-23T12:27:50 IST" skipped="0">
  <testcase classname="com.truboardpartners.testClasses.HoldNOC_Test4" name="validationOnHoldNocRequest" time="67.771"/>
  <system-out/>
</testsuite> <!-- com.truboardpartners.testClasses.HoldNOC_Test4 -->
