<?xml version="1.0" encoding="UTF-8"?>
<!-- Generated by org.testng.reporters.JUnitReportReporter -->
<testsuite hostname="DESKTOP-6KLV0L6" failures="0" tests="3" name="com.truboardpartners.testClasses.AR_Test" time="267.992" errors="0" timestamp="2023-12-07T11:31:10 IST" skipped="0">
  <testcase classname="com.truboardpartners.testClasses.AR_Test" name="raiseNOCRequest" time="144.624"/>
  <system-out/>
  <testcase classname="com.truboardpartners.testClasses.AR_Test" name="approvePMC_RFA" time="59.379"/>
  <system-out/>
  <testcase classname="com.truboardpartners.testClasses.AR_Test" name="InvesterRejectRequst" time="63.989"/>
  <system-out/>
</testsuite> <!-- com.truboardpartners.testClasses.AR_Test -->
