<?xml version="1.0" encoding="UTF-8"?>
<!-- Generated by org.testng.reporters.JUnitReportReporter -->
<testsuite hostname="DESKTOP-U691P5C" failures="0" tests="4" name="com.truboardpartners.testClasses.RAH_Test" time="354.967" errors="0" timestamp="2023-12-07T15:01:09 IST" skipped="0">
  <testcase classname="com.truboardpartners.testClasses.RAH_Test" name="raiseNOCRequest" time="141.387"/>
  <system-out/>
  <testcase classname="com.truboardpartners.testClasses.RAH_Test" name="pmcRejectRequst" time="64.714"/>
  <system-out/>
  <testcase classname="com.truboardpartners.testClasses.RAH_Test" name="approveInvester_RFA" time="81.820"/>
  <system-out/>
  <testcase classname="com.truboardpartners.testClasses.RAH_Test" name="holdDT_RFA" time="67.046"/>
  <system-out/>
</testsuite> <!-- com.truboardpartners.testClasses.RAH_Test -->
