<?xml version="1.0" encoding="UTF-8"?>
<!-- Generated by org.testng.reporters.JUnitReportReporter -->
<testsuite hostname="DESKTOP-6KLV0L6" failures="0" tests="1" name="com.truboardpartners.testClasses.CancelNoc_Test" time="70.732" errors="0" timestamp="2023-12-07T11:15:30 IST" skipped="0">
  <testcase classname="com.truboardpartners.testClasses.CancelNoc_Test" name="cancelNOCByDeveloper" time="70.732"/>
  <system-out/>
</testsuite> <!-- com.truboardpartners.testClasses.CancelNoc_Test -->
