<?xml version="1.0" encoding="UTF-8"?>
<!-- Generated by org.testng.reporters.JUnitReportReporter -->
<testsuite hostname="DESKTOP-6KLV0L6" failures="0" tests="1" name="com.truboardpartners.testClasses.DeveloperWithDraw_TestCase" time="87.413" errors="0" timestamp="2023-12-07T11:17:42 IST" skipped="0">
  <testcase classname="com.truboardpartners.testClasses.DeveloperWithDraw_TestCase" name="withDrawNOCRequest" time="87.413"/>
  <system-out/>
</testsuite> <!-- com.truboardpartners.testClasses.DeveloperWithDraw_TestCase -->
