<?xml version="1.0" encoding="UTF-8"?>
<!-- Generated by org.testng.reporters.JUnitReportReporter -->
<testsuite hostname="DESKTOP-6KLV0L6" failures="0" tests="2" name="com.truboardpartners.tests.SmokeInvester_RFA_Hold_Test" time="111.003" errors="0" timestamp="2023-11-09T15:50:31 IST" skipped="0">
  <testcase classname="com.truboardpartners.tests.SmokeInvester_RFA_Hold_Test" name="approveInvester_RFA" time="66.125"/>
  <system-out/>
  <testcase classname="com.truboardpartners.tests.SmokeInvester_RFA_Hold_Test" name="pmc" time="44.878"/>
  <system-out/>
</testsuite> <!-- com.truboardpartners.tests.SmokeInvester_RFA_Hold_Test -->
