<?xml version="1.0" encoding="UTF-8"?>
<!-- Generated by org.testng.reporters.JUnitReportReporter -->
<testsuite hostname="DESKTOP-U691P5C" failures="0" tests="1" name="com.truboardpartners.testClasses.AAR_Test" time="64.281" errors="0" timestamp="2024-01-03T16:56:11 IST" skipped="0">
  <testcase classname="com.truboardpartners.testClasses.AAR_Test" name="rejectDT_RFA" time="64.281"/>
  <system-out/>
</testsuite> <!-- com.truboardpartners.testClasses.AAR_Test -->
