<?xml version="1.0" encoding="UTF-8"?>
<!-- Generated by org.testng.reporters.JUnitReportReporter -->
<testsuite hostname="DESKTOP-6KLV0L6" failures="0" tests="1" name="com.truboardpartners.tests.SmokeDeveloper" time="143.376" errors="0" timestamp="2023-11-10T15:28:13 IST" skipped="0">
  <testcase classname="com.truboardpartners.tests.SmokeDeveloper" name="TestCase_Demo_1" time="143.376"/>
  <system-out/>
</testsuite> <!-- com.truboardpartners.tests.SmokeDeveloper -->
