<?xml version="1.0" encoding="UTF-8"?>
<!-- Generated by org.testng.reporters.JUnitReportReporter -->
<testsuite hostname="DESKTOP-6KLV0L6" failures="0" tests="1" name="com.truboardpartners.testClasses.AAR" time="81.988" errors="0" timestamp="2023-11-23T14:04:49 IST" skipped="0">
  <testcase classname="com.truboardpartners.testClasses.AAR" name="approveDT_RFA" time="81.988"/>
  <system-out/>
</testsuite> <!-- com.truboardpartners.testClasses.AAR -->
