<?xml version="1.0" encoding="UTF-8"?>
<!-- Generated by org.testng.reporters.JUnitReportReporter -->
<testsuite hostname="DESKTOP-6KLV0L6" failures="0" tests="4" name="com.truboardpartners.tests.HAH_Test" time="356.244" errors="0" timestamp="2023-11-23T16:44:59 IST" skipped="0">
  <testcase classname="com.truboardpartners.tests.HAH_Test" name="raiseNOCRequest" time="142.785"/>
  <system-out/>
  <testcase classname="com.truboardpartners.tests.HAH_Test" name="holdPMC_RFA" time="64.973"/>
  <system-out/>
  <testcase classname="com.truboardpartners.tests.HAH_Test" name="approveInvester_RFA" time="79.331"/>
  <system-out/>
  <testcase classname="com.truboardpartners.tests.HAH_Test" name="holdDT_RFA" time="69.155"/>
  <system-out/>
</testsuite> <!-- com.truboardpartners.tests.HAH_Test -->
