<?xml version="1.0" encoding="UTF-8"?>
<!-- Generated by org.testng.reporters.JUnitReportReporter -->
<testsuite hostname="DESKTOP-6KLV0L6" failures="0" tests="3" name="com.truboardpartners.testClasses.HR_Test" time="274.086" errors="0" timestamp="2023-12-07T12:28:27 IST" skipped="0">
  <testcase classname="com.truboardpartners.testClasses.HR_Test" name="raiseNOCRequest" time="145.667"/>
  <system-out/>
  <testcase classname="com.truboardpartners.testClasses.HR_Test" name="holdPMC_RFA" time="67.448"/>
  <system-out/>
  <testcase classname="com.truboardpartners.testClasses.HR_Test" name="InvesterRejectRequst" time="60.971"/>
  <system-out/>
</testsuite> <!-- com.truboardpartners.testClasses.HR_Test -->
