<?xml version="1.0" encoding="UTF-8"?>
<!-- Generated by org.testng.reporters.JUnitReportReporter -->
<testsuite hostname="DESKTOP-6KLV0L6" failures="0" tests="3" name="com.truboardpartners.testClasses.CR_Test" time="180.299" errors="0" timestamp="2023-12-06T17:18:32 IST" skipped="0">
  <testcase classname="com.truboardpartners.testClasses.CR_Test" name="cancelNOCByDeveloper" time="65.193"/>
  <system-out/>
  <testcase classname="com.truboardpartners.testClasses.CR_Test" name="cancelNocByPMC" time="57.502"/>
  <system-out/>
  <testcase classname="com.truboardpartners.testClasses.CR_Test" name="cancelNocByInvester" time="57.604"/>
  <system-out/>
</testsuite> <!-- com.truboardpartners.testClasses.CR_Test -->
