<?xml version="1.0" encoding="UTF-8"?>
<!-- Generated by org.testng.reporters.JUnitReportReporter -->
<testsuite hostname="DESKTOP-6KLV0L6" failures="0" tests="1" name="com.truboardpartners.tests.SmokePMC_RFA_Test" time="49.958" errors="0" timestamp="2023-11-09T15:50:31 IST" skipped="0">
  <testcase classname="com.truboardpartners.tests.SmokePMC_RFA_Test" name="approvePMC_RFA" time="49.958"/>
  <system-out/>
</testsuite> <!-- com.truboardpartners.tests.SmokePMC_RFA_Test -->
