<?xml version="1.0" encoding="UTF-8"?>
<!-- Generated by org.testng.reporters.JUnitReportReporter -->
<testsuite hostname="DESKTOP-6KLV0L6" failures="0" tests="1" name="com.truboardpartners.testClasses.DeveloperNOCRequest_TestCase" time="145.977" errors="0" timestamp="2023-11-24T11:10:31 IST" skipped="0">
  <testcase classname="com.truboardpartners.testClasses.DeveloperNOCRequest_TestCase" name="raiseNOCRequest" time="145.977"/>
  <system-out/>
</testsuite> <!-- com.truboardpartners.testClasses.DeveloperNOCRequest_TestCase -->
