<?xml version="1.0" encoding="UTF-8"?>
<!-- Generated by org.testng.reporters.JUnitReportReporter -->
<testsuite hostname="DESKTOP-6KLV0L6" failures="0" tests="1" name="com.truboardpartners.testClasses.DemoTests" time="77.885" errors="0" timestamp="2023-12-06T15:34:11 IST" skipped="0">
  <testcase classname="com.truboardpartners.testClasses.DemoTests" name="method" time="77.885"/>
  <system-out/>
</testsuite> <!-- com.truboardpartners.testClasses.DemoTests -->
