<?xml version="1.0" encoding="UTF-8"?>
<!-- Generated by org.testng.reporters.JUnitReportReporter -->
<testsuite hostname="DESKTOP-6KLV0L6" failures="0" tests="4" name="com.truboardpartners.testClasses.HAH_Test" time="369.773" errors="0" timestamp="2023-12-07T12:10:46 IST" skipped="0">
  <testcase classname="com.truboardpartners.testClasses.HAH_Test" name="raiseNOCRequest" time="145.103"/>
  <system-out/>
  <testcase classname="com.truboardpartners.testClasses.HAH_Test" name="holdPMC_RFA" time="68.610"/>
  <system-out/>
  <testcase classname="com.truboardpartners.testClasses.HAH_Test" name="approveInvester_RFA" time="85.112"/>
  <system-out/>
  <testcase classname="com.truboardpartners.testClasses.HAH_Test" name="holdDT_RFA" time="70.948"/>
  <system-out/>
</testsuite> <!-- com.truboardpartners.testClasses.HAH_Test -->
