<?xml version="1.0" encoding="UTF-8"?>
<!-- Generated by org.testng.reporters.JUnitReportReporter -->
<testsuite hostname="DESKTOP-6KLV0L6" failures="0" tests="4" name="com.truboardpartners.testClasses.HAR_Test" time="363.351" errors="0" timestamp="2023-12-07T12:21:51 IST" skipped="0">
  <testcase classname="com.truboardpartners.testClasses.HAR_Test" name="raiseNOCRequest" time="145.105"/>
  <system-out/>
  <testcase classname="com.truboardpartners.testClasses.HAR_Test" name="holdPMC_RFA" time="64.791"/>
  <system-out/>
  <testcase classname="com.truboardpartners.testClasses.HAR_Test" name="approveInvester_RFA" time="85.493"/>
  <system-out/>
  <testcase classname="com.truboardpartners.testClasses.HAR_Test" name="rejectDT_RFA" time="67.962"/>
  <system-out/>
</testsuite> <!-- com.truboardpartners.testClasses.HAR_Test -->
