<?xml version="1.0" encoding="UTF-8"?>
<!-- Generated by org.testng.reporters.JUnitReportReporter -->
<testsuite hostname="DESKTOP-U691P5C" failures="0" tests="5" name="com.truboardpartners.testClasses.RAA_Test" time="436.535" errors="0" timestamp="2023-12-07T14:39:15 IST" skipped="0">
  <testcase classname="com.truboardpartners.testClasses.RAA_Test" name="raiseNOCRequest" time="140.465"/>
  <system-out/>
  <testcase classname="com.truboardpartners.testClasses.RAA_Test" name="pmcRejectRequst" time="64.005"/>
  <system-out/>
  <testcase classname="com.truboardpartners.testClasses.RAA_Test" name="approveInvester_RFA" time="82.103"/>
  <system-out/>
  <testcase classname="com.truboardpartners.testClasses.RAA_Test" name="approveDT_RFA" time="84.128"/>
  <system-out/>
  <testcase classname="com.truboardpartners.testClasses.RAA_Test" name="validationOnApprovedNOC" time="65.834"/>
  <system-out/>
</testsuite> <!-- com.truboardpartners.testClasses.RAA_Test -->
