<?xml version="1.0" encoding="UTF-8"?>
<!-- Generated by org.testng.reporters.JUnitReportReporter -->
<testsuite hostname="DESKTOP-6KLV0L6" failures="0" tests="1" name="com.truboardpartners.tests.SmokeInvester_RFA_Test" time="76.882" errors="0" timestamp="2023-11-08T17:02:19 IST" skipped="0">
  <testcase classname="com.truboardpartners.tests.SmokeInvester_RFA_Test" name="approveInvester_RFA" time="76.882"/>
  <system-out/>
</testsuite> <!-- com.truboardpartners.tests.SmokeInvester_RFA_Test -->
